Determining if the pthread_create exist failed with the following output:
Change Dir: /home/qiayuanliao/Project/RM2019SummerCamp/System/catkin_ws/build_isolated/usb_cam/CMakeFiles/CMakeTmp

Run Build Command:"/usr/bin/make" "cmTC_328ba/fast"
/usr/bin/make -f CMakeFiles/cmTC_328ba.dir/build.make CMakeFiles/cmTC_328ba.dir/build
make[1]: Entering directory '/home/qiayuanliao/Project/RM2019SummerCamp/System/catkin_ws/build_isolated/usb_cam/CMakeFiles/CMakeTmp'
Building C object CMakeFiles/cmTC_328ba.dir/CheckSymbolExists.c.o
/usr/bin/cc     -o CMakeFiles/cmTC_328ba.dir/CheckSymbolExists.c.o   -c /home/qiayuanliao/Project/RM2019SummerCamp/System/catkin_ws/build_isolated/usb_cam/CMakeFiles/CMakeTmp/CheckSymbolExists.c
Linking C executable cmTC_328ba
/usr/bin/cmake -E cmake_link_script CMakeFiles/cmTC_328ba.dir/link.txt --verbose=1
/usr/bin/cc       CMakeFiles/cmTC_328ba.dir/CheckSymbolExists.c.o  -o cmTC_328ba -rdynamic 
CMakeFiles/cmTC_328ba.dir/CheckSymbolExists.c.o: In function `main':
CheckSymbolExists.c:(.text+0x16): undefined reference to `pthread_create'
collect2: error: ld returned 1 exit status
CMakeFiles/cmTC_328ba.dir/build.make:97: recipe for target 'cmTC_328ba' failed
make[1]: *** [cmTC_328ba] Error 1
make[1]: Leaving directory '/home/qiayuanliao/Project/RM2019SummerCamp/System/catkin_ws/build_isolated/usb_cam/CMakeFiles/CMakeTmp'
Makefile:126: recipe for target 'cmTC_328ba/fast' failed
make: *** [cmTC_328ba/fast] Error 2

File /home/qiayuanliao/Project/RM2019SummerCamp/System/catkin_ws/build_isolated/usb_cam/CMakeFiles/CMakeTmp/CheckSymbolExists.c:
/* */
#include <pthread.h>

int main(int argc, char** argv)
{
  (void)argv;
#ifndef pthread_create
  return ((int*)(&pthread_create))[argc];
#else
  (void)argc;
  return 0;
#endif
}

Determining if the function pthread_create exists in the pthreads failed with the following output:
Change Dir: /home/qiayuanliao/Project/RM2019SummerCamp/System/catkin_ws/build_isolated/usb_cam/CMakeFiles/CMakeTmp

Run Build Command:"/usr/bin/make" "cmTC_19826/fast"
/usr/bin/make -f CMakeFiles/cmTC_19826.dir/build.make CMakeFiles/cmTC_19826.dir/build
make[1]: Entering directory '/home/qiayuanliao/Project/RM2019SummerCamp/System/catkin_ws/build_isolated/usb_cam/CMakeFiles/CMakeTmp'
Building C object CMakeFiles/cmTC_19826.dir/CheckFunctionExists.c.o
/usr/bin/cc    -DCHECK_FUNCTION_EXISTS=pthread_create   -o CMakeFiles/cmTC_19826.dir/CheckFunctionExists.c.o   -c /usr/share/cmake-3.5/Modules/CheckFunctionExists.c
Linking C executable cmTC_19826
/usr/bin/cmake -E cmake_link_script CMakeFiles/cmTC_19826.dir/link.txt --verbose=1
/usr/bin/cc   -DCHECK_FUNCTION_EXISTS=pthread_create    CMakeFiles/cmTC_19826.dir/CheckFunctionExists.c.o  -o cmTC_19826 -rdynamic -lpthreads 
/usr/bin/ld: cannot find -lpthreads
collect2: error: ld returned 1 exit status
CMakeFiles/cmTC_19826.dir/build.make:97: recipe for target 'cmTC_19826' failed
make[1]: *** [cmTC_19826] Error 1
make[1]: Leaving directory '/home/qiayuanliao/Project/RM2019SummerCamp/System/catkin_ws/build_isolated/usb_cam/CMakeFiles/CMakeTmp'
Makefile:126: recipe for target 'cmTC_19826/fast' failed
make: *** [cmTC_19826/fast] Error 2


